<?xml version="1.0" encoding="UTF-8"?>
<!-- Generated by org.testng.reporters.JUnitReportReporter -->
<testsuite hostname="DESKTOP-9L91LNU" name="Runnerfile.RunnerfileFunctional" tests="1" failures="0" timestamp="6 Jan 2021 23:58:13 GMT" time="11.532" errors="0">
  <testcase name="feature" time="11.532" classname="Runnerfile.RunnerfileFunctional"/>
</testsuite> <!-- Runnerfile.RunnerfileFunctional -->
