<?xml version="1.0" encoding="UTF-8"?>
<!-- Generated by org.testng.reporters.JUnitReportReporter -->
<testsuite hostname="DESKTOP-9L91LNU" name="Runnerfile.RunnerFileSanity" tests="1" failures="0" timestamp="8 Jan 2021 17:23:13 GMT" time="29.461" errors="0">
  <testcase name="feature" time="29.461" classname="Runnerfile.RunnerFileSanity"/>
</testsuite> <!-- Runnerfile.RunnerFileSanity -->
